c:\users\lab322\desktop\lab322dotnet\gagewrapper\release\gagewrapper.pch
c:\users\lab322\desktop\lab322dotnet\gagewrapper\release\vc120.pdb
c:\users\lab322\desktop\lab322dotnet\gagewrapper\release\stdafx.obj
c:\users\lab322\desktop\lab322dotnet\gagewrapper\release\gagewrapper.obj
c:\users\lab322\desktop\lab322dotnet\gagewrapper\release\assemblyinfo.obj
c:\users\lab322\desktop\lab322dotnet\gagewrapper\release\.netframework,version=v4.5.assemblyattributes.obj
c:\users\lab322\desktop\lab322dotnet\gagewrapper\release\app.res
c:\users\lab322\desktop\lab322dotnet\gagewrapper\release\gagewrapper.vcxprojresolveassemblyreference.cache
c:\users\lab322\desktop\lab322dotnet\gagewrapper\release\gagewrapper.tlog\cl.command.1.tlog
c:\users\lab322\desktop\lab322dotnet\gagewrapper\release\gagewrapper.tlog\cl.read.1.tlog
c:\users\lab322\desktop\lab322dotnet\gagewrapper\release\gagewrapper.tlog\cl.write.1.tlog
c:\users\lab322\desktop\lab322dotnet\gagewrapper\release\gagewrapper.tlog\link.6044.read.1.tlog
c:\users\lab322\desktop\lab322dotnet\gagewrapper\release\gagewrapper.tlog\link.6044.write.1.tlog
c:\users\lab322\desktop\lab322dotnet\gagewrapper\release\gagewrapper.tlog\link.command.1.tlog
c:\users\lab322\desktop\lab322dotnet\gagewrapper\release\gagewrapper.tlog\link.read.1.tlog
c:\users\lab322\desktop\lab322dotnet\gagewrapper\release\gagewrapper.tlog\link.write.1.tlog
c:\users\lab322\desktop\lab322dotnet\gagewrapper\release\gagewrapper.tlog\metagen.read.1.tlog
c:\users\lab322\desktop\lab322dotnet\gagewrapper\release\gagewrapper.tlog\metagen.write.1.tlog
c:\users\lab322\desktop\lab322dotnet\gagewrapper\release\gagewrapper.tlog\rc.command.1.tlog
c:\users\lab322\desktop\lab322dotnet\gagewrapper\release\gagewrapper.tlog\rc.read.1.tlog
c:\users\lab322\desktop\lab322dotnet\gagewrapper\release\gagewrapper.tlog\rc.write.1.tlog
c:\users\lab322\desktop\lab322dotnet\gagewrapper\release\gagewrapper.tlog\rsaenh.dll.bi
c:\users\lab322\desktop\lab322dotnet\gagewrapper\release\gagewrapper.tlog\tzres.dll.bi
