Build started 2014/2/26 11:16:45.
     1>Project "C:\Users\Lab322\Desktop\lab322DotNet\GageWrapper\GageWrapper.vcxproj" on node 2 (Build target(s)).
     1>ClCompile:
         C:\Program Files (x86)\Microsoft Visual Studio 12.0\VC\bin\CL.exe /c /AI"C:\Program Files (x86)\Reference Assemblies\Microsoft\Framework\.NETFramework\v4.5\\" /AI"C:\Program Files (x86)\Windows Kits\8.1\References\CommonConfiguration\Neutral" /AI"C:\Program Files (x86)\Reference Assemblies\Microsoft\Framework\.NETFramework\v4.5\Facades\\" /Zi /clr /nologo /W3 /WX- /O2 /Oy- /D WIN32 /D NDEBUG /D _WINDLL /D _MBCS /EHa /MD /GS /fp:precise /Zc:wchar_t /Zc:forScope /Yu"stdafx.h" /Fp"Release\GageWrapper.pch" /Fo"Release\\" /Fd"Release\vc120.pdb" /TP /FU"C:\Program Files (x86)\Reference Assemblies\Microsoft\Framework\.NETFramework\v4.5\mscorlib.dll" /FU"C:\Program Files (x86)\Reference Assemblies\Microsoft\Framework\.NETFramework\v4.5\System.Data.dll" /FU"C:\Program Files (x86)\Reference Assemblies\Microsoft\Framework\.NETFramework\v4.5\System.dll" /FU"C:\Program Files (x86)\Reference Assemblies\Microsoft\Framework\.NETFramework\v4.5\System.Xml.dll" /analyze- /errorReport:prompt /clr:nostdlib GageWrapper.cpp
         GageWrapper.cpp
     1>c:\users\lab322\desktop\lab322dotnet\gagewrapper\Gage.hpp(66): warning C4441: calling convention of '__stdcall ' ignored; '__clrcall ' used instead
     1>c:\users\lab322\desktop\lab322dotnet\gagewrapper\Gage.hpp(72): warning C4441: calling convention of '__stdcall ' ignored; '__clrcall ' used instead
     1>c:\users\lab322\desktop\lab322dotnet\gagewrapper\Gage.hpp(78): warning C4018: '<' : signed/unsigned mismatch
       Link:
         C:\Program Files (x86)\Microsoft Visual Studio 12.0\VC\bin\link.exe /ERRORREPORT:PROMPT /OUT:"C:\Users\Lab322\Desktop\lab322DotNet\Release\GageWrapper.dll" /INCREMENTAL:NO /NOLOGO pthreadVCE2.lib CsSsm.lib CsAppSupport.lib kernel32.lib user32.lib gdi32.lib winspool.lib comdlg32.lib advapi32.lib shell32.lib ole32.lib oleaut32.lib uuid.lib odbc32.lib odbccp32.lib /MANIFEST /MANIFESTUAC:"level='asInvoker' uiAccess='false'" /manifest:embed /DEBUG /PDB:"C:\Users\Lab322\Desktop\lab322DotNet\Release\GageWrapper.pdb" /SUBSYSTEM:CONSOLE /TLBID:1 /DYNAMICBASE /FIXED:NO /NXCOMPAT /MACHINE:X86 /SAFESEH /DLL Release\app.res
         Release\AssemblyInfo.obj
         Release\GageWrapper.obj
         Release\stdafx.obj
         "Release\.NETFramework,Version=v4.5.AssemblyAttributes.obj"
         C:\Users\Lab322\Desktop\lab322DotNet\Dist\Gage\Release\Gage.lib
         Gage.lib(Stream2Analysis.obj) : MSIL .netmodule or module compiled with /GL found; restarting link with /LTCG; add /LTCG to the link command line to improve linker performance
         Generating code
     1>c:\users\lab322\desktop\lab322dotnet\gage\stream2analysis.cpp(237): warning C4715: 'GageNative::Stream2Analysis::Start' : not all control paths return a value
     1>c:\users\lab322\desktop\lab322dotnet\gage\stream2analysis.cpp(221): warning C4715: 'GageNative::Stream2Analysis::Initialize' : not all control paths return a value
         Finished generating code
         GageWrapper.vcxproj -> C:\Users\Lab322\Desktop\lab322DotNet\Release\GageWrapper.dll
     1>Done Building Project "C:\Users\Lab322\Desktop\lab322DotNet\GageWrapper\GageWrapper.vcxproj" (Build target(s)).

Build succeeded.

Time Elapsed 00:00:03.76
