C:\Documents and Settings\xyq\git\复件 lab322\GageStream2Analysis\Win32\Debug\cl.command.1.tlog
C:\Documents and Settings\xyq\git\复件 lab322\GageStream2Analysis\Win32\Debug\CL.read.1.tlog
C:\Documents and Settings\xyq\git\复件 lab322\GageStream2Analysis\Win32\Debug\CL.write.1.tlog
C:\DOCUMENTS AND SETTINGS\XYQ\GIT\复件 LAB322\GAGESTREAM2ANALYSIS\WIN32\DEBUG\CSSDKMISC.OBJ
C:\DOCUMENTS AND SETTINGS\XYQ\GIT\复件 LAB322\GAGESTREAM2ANALYSIS\WIN32\DEBUG\GAGESTREAM2ANALYSIS.EXE
C:\Documents and Settings\xyq\git\复件 lab322\GageStream2Analysis\Win32\Debug\GageStream2Analysis.exe.embed.manifest
C:\DOCUMENTS AND SETTINGS\XYQ\GIT\复件 LAB322\GAGESTREAM2ANALYSIS\WIN32\DEBUG\GAGESTREAM2ANALYSIS.EXE.EMBED.MANIFEST.RES
C:\DOCUMENTS AND SETTINGS\XYQ\GIT\复件 LAB322\GAGESTREAM2ANALYSIS\WIN32\DEBUG\GAGESTREAM2ANALYSIS.EXE.INTERMEDIATE.MANIFEST
C:\DOCUMENTS AND SETTINGS\XYQ\GIT\复件 LAB322\GAGESTREAM2ANALYSIS\WIN32\DEBUG\GAGESTREAM2ANALYSIS.ILK
C:\DOCUMENTS AND SETTINGS\XYQ\GIT\复件 LAB322\GAGESTREAM2ANALYSIS\WIN32\DEBUG\GAGESTREAM2ANALYSIS.PDB
C:\Documents and Settings\xyq\git\复件 lab322\GageStream2Analysis\Win32\Debug\GageStream2Analysis_manifest.rc
C:\Documents and Settings\xyq\git\复件 lab322\GageStream2Analysis\Win32\Debug\link.command.1.tlog
C:\Documents and Settings\xyq\git\复件 lab322\GageStream2Analysis\Win32\Debug\link.read.1.tlog
C:\Documents and Settings\xyq\git\复件 lab322\GageStream2Analysis\Win32\Debug\link.write.1.tlog
C:\Documents and Settings\xyq\git\复件 lab322\GageStream2Analysis\Win32\Debug\link-cvtres.read.1.tlog
C:\Documents and Settings\xyq\git\复件 lab322\GageStream2Analysis\Win32\Debug\link-cvtres.write.1.tlog
C:\Documents and Settings\xyq\git\复件 lab322\GageStream2Analysis\Win32\Debug\mt.command.1.tlog
C:\Documents and Settings\xyq\git\复件 lab322\GageStream2Analysis\Win32\Debug\mt.read.1.tlog
C:\Documents and Settings\xyq\git\复件 lab322\GageStream2Analysis\Win32\Debug\mt.write.1.tlog
C:\Documents and Settings\xyq\git\复件 lab322\GageStream2Analysis\Win32\Debug\rc.command.1.tlog
C:\Documents and Settings\xyq\git\复件 lab322\GageStream2Analysis\Win32\Debug\rc.read.1.tlog
C:\Documents and Settings\xyq\git\复件 lab322\GageStream2Analysis\Win32\Debug\rc.write.1.tlog
C:\DOCUMENTS AND SETTINGS\XYQ\GIT\复件 LAB322\GAGESTREAM2ANALYSIS\WIN32\DEBUG\STREAM2ANALYSIS.OBJ
C:\Documents and Settings\xyq\git\复件 lab322\GageStream2Analysis\Win32\Debug\vc100.idb
C:\DOCUMENTS AND SETTINGS\XYQ\GIT\复件 LAB322\GAGESTREAM2ANALYSIS\WIN32\DEBUG\VC100.PDB
C:\Documents and Settings\xyq\git\复件 lab322\GageStream2Analysis\Win32\Debug\vc90.idb
C:\Documents and Settings\xyq\git\复件 lab322\GageStream2Analysis\Win32\Debug\vc90.pdb
Win32\Debug\GageStream2Analysis.ilk
Win32\Debug\GageStream2Analysis.pdb
