c:\users\lab322\desktop\lab322dotnet\gagewrapper\debug\gagewrapper.pch
c:\users\lab322\desktop\lab322dotnet\gagewrapper\debug\vc120.pdb
c:\users\lab322\desktop\lab322dotnet\gagewrapper\debug\stdafx.obj
c:\users\lab322\desktop\lab322dotnet\gagewrapper\debug\gagewrapper.obj
c:\users\lab322\desktop\lab322dotnet\gagewrapper\debug\assemblyinfo.obj
c:\users\lab322\desktop\lab322dotnet\gagewrapper\debug\.netframework,version=v4.5.assemblyattributes.obj
c:\users\lab322\desktop\lab322dotnet\gagewrapper\debug\app.res
c:\users\lab322\desktop\lab322dotnet\gagewrapper\debug\gagewrapper.tlog\cl.command.1.tlog
c:\users\lab322\desktop\lab322dotnet\gagewrapper\debug\gagewrapper.tlog\cl.read.1.tlog
c:\users\lab322\desktop\lab322dotnet\gagewrapper\debug\gagewrapper.tlog\cl.write.1.tlog
c:\users\lab322\desktop\lab322dotnet\gagewrapper\debug\gagewrapper.tlog\link.command.1.tlog
c:\users\lab322\desktop\lab322dotnet\gagewrapper\debug\gagewrapper.tlog\link.read.1.tlog
c:\users\lab322\desktop\lab322dotnet\gagewrapper\debug\gagewrapper.tlog\link.write.1.tlog
c:\users\lab322\desktop\lab322dotnet\gagewrapper\debug\gagewrapper.tlog\metagen.read.1.tlog
c:\users\lab322\desktop\lab322dotnet\gagewrapper\debug\gagewrapper.tlog\metagen.write.1.tlog
c:\users\lab322\desktop\lab322dotnet\gagewrapper\debug\gagewrapper.tlog\rc.command.1.tlog
c:\users\lab322\desktop\lab322dotnet\gagewrapper\debug\gagewrapper.tlog\rc.read.1.tlog
c:\users\lab322\desktop\lab322dotnet\gagewrapper\debug\gagewrapper.tlog\rc.write.1.tlog
c:\users\lab322\desktop\lab322dotnet\gagewrapper\debug\gagewrapper.tlog\rsaenh.dll.bi
c:\users\lab322\desktop\lab322dotnet\gagewrapper\debug\gagewrapper.tlog\tzres.dll.bi
